<?xml version="1.0" encoding="UTF-8"?>
<coverage generated="1662663740250" clover="3.2.0">
  <project timestamp="1662663740250" name="All files">
    <metrics statements="35" coveredstatements="29" conditionals="12" coveredconditionals="12" methods="8" coveredmethods="7" elements="55" coveredelements="48" complexity="0" loc="35" ncloc="35" packages="1" files="1" classes="1"/>
    <file name="linkedList.js" path="/Users/luiswoo/Desktop/odin_project/repos/Linked-List/linkedList.js">
      <metrics statements="35" coveredstatements="29" conditionals="12" coveredconditionals="12" methods="8" coveredmethods="7"/>
      <line num="3" count="14" type="stmt"/>
      <line num="4" count="14" type="stmt"/>
      <line num="8" count="35" type="stmt"/>
      <line num="9" count="35" type="stmt"/>
      <line num="10" count="35" type="stmt"/>
      <line num="14" count="14" type="cond" truecount="4" falsecount="0"/>
      <line num="16" count="6" type="stmt"/>
      <line num="17" count="6" type="stmt"/>
      <line num="18" count="7" type="stmt"/>
      <line num="20" count="6" type="stmt"/>
      <line num="24" count="0" type="stmt"/>
      <line num="25" count="0" type="stmt"/>
      <line num="26" count="0" type="stmt"/>
      <line num="27" count="0" type="stmt"/>
      <line num="28" count="0" type="stmt"/>
      <line num="30" count="0" type="stmt"/>
      <line num="34" count="4" type="cond" truecount="2" falsecount="0"/>
      <line num="36" count="3" type="stmt"/>
      <line num="37" count="3" type="cond" truecount="2" falsecount="0"/>
      <line num="39" count="1" type="stmt"/>
      <line num="40" count="1" type="stmt"/>
      <line num="44" count="5" type="cond" truecount="2" falsecount="0"/>
      <line num="45" count="1" type="stmt"/>
      <line num="46" count="1" type="stmt"/>
      <line num="49" count="5" type="stmt"/>
      <line num="50" count="5" type="cond" truecount="2" falsecount="0"/>
      <line num="52" count="1" type="stmt"/>
      <line num="53" count="1" type="stmt"/>
      <line num="59" count="36" type="stmt"/>
      <line num="60" count="36" type="stmt"/>
      <line num="64" count="1" type="stmt"/>
      <line num="65" count="12" type="stmt"/>
      <line num="68" count="12" type="stmt"/>
      <line num="69" count="32" type="stmt"/>
      <line num="71" count="12" type="stmt"/>
    </file>
  </project>
</coverage>
