<?xml version="1.0" encoding="UTF-8"?>
<coverage generated="1662670078321" clover="3.2.0">
  <project timestamp="1662670078321" name="All files">
    <metrics statements="73" coveredstatements="67" conditionals="32" coveredconditionals="31" methods="15" coveredmethods="14" elements="120" coveredelements="112" complexity="0" loc="73" ncloc="73" packages="1" files="1" classes="1"/>
    <file name="linkedList.js" path="/Users/luiswoo/Desktop/odin_project/repos/Linked-List/linkedList.js">
      <metrics statements="73" coveredstatements="67" conditionals="32" coveredconditionals="31" methods="15" coveredmethods="14"/>
      <line num="3" count="30" type="stmt"/>
      <line num="4" count="30" type="stmt"/>
      <line num="8" count="3" type="stmt"/>
      <line num="9" count="3" type="cond" truecount="2" falsecount="0"/>
      <line num="10" count="1" type="stmt"/>
      <line num="11" count="1" type="stmt"/>
      <line num="12" count="1" type="stmt"/>
      <line num="14" count="2" type="stmt"/>
      <line num="15" count="2" type="stmt"/>
      <line num="16" count="3" type="stmt"/>
      <line num="18" count="2" type="stmt"/>
      <line num="19" count="2" type="stmt"/>
      <line num="23" count="69" type="stmt"/>
      <line num="24" count="69" type="stmt"/>
      <line num="25" count="69" type="stmt"/>
      <line num="29" count="14" type="stmt"/>
      <line num="33" count="3" type="cond" truecount="2" falsecount="0"/>
      <line num="34" count="2" type="stmt"/>
      <line num="38" count="4" type="cond" truecount="2" falsecount="0"/>
      <line num="39" count="3" type="cond" truecount="1" falsecount="1"/>
      <line num="41" count="3" type="stmt"/>
      <line num="42" count="3" type="stmt"/>
      <line num="43" count="9" type="stmt"/>
      <line num="45" count="3" type="stmt"/>
      <line num="49" count="3" type="cond" truecount="2" falsecount="0"/>
      <line num="50" count="2" type="cond" truecount="2" falsecount="0"/>
      <line num="51" count="1" type="stmt"/>
      <line num="52" count="1" type="stmt"/>
      <line num="54" count="2" type="stmt"/>
      <line num="59" count="3" type="cond" truecount="2" falsecount="0"/>
      <line num="60" count="2" type="stmt"/>
      <line num="61" count="2" type="stmt"/>
      <line num="62" count="7" type="cond" truecount="2" falsecount="0"/>
      <line num="63" count="6" type="stmt"/>
      <line num="65" count="1" type="stmt"/>
      <line num="69" count="3" type="cond" truecount="2" falsecount="0"/>
      <line num="70" count="2" type="stmt"/>
      <line num="71" count="2" type="stmt"/>
      <line num="72" count="2" type="stmt"/>
      <line num="73" count="6" type="cond" truecount="2" falsecount="0"/>
      <line num="74" count="5" type="stmt"/>
      <line num="75" count="5" type="stmt"/>
      <line num="77" count="1" type="stmt"/>
      <line num="81" count="16" type="cond" truecount="4" falsecount="0"/>
      <line num="83" count="7" type="stmt"/>
      <line num="84" count="7" type="stmt"/>
      <line num="85" count="9" type="stmt"/>
      <line num="87" count="7" type="stmt"/>
      <line num="91" count="0" type="stmt"/>
      <line num="92" count="0" type="stmt"/>
      <line num="93" count="0" type="stmt"/>
      <line num="94" count="0" type="stmt"/>
      <line num="95" count="0" type="stmt"/>
      <line num="97" count="0" type="stmt"/>
      <line num="101" count="4" type="cond" truecount="2" falsecount="0"/>
      <line num="103" count="3" type="stmt"/>
      <line num="104" count="3" type="cond" truecount="2" falsecount="0"/>
      <line num="106" count="1" type="stmt"/>
      <line num="107" count="1" type="stmt"/>
      <line num="111" count="7" type="cond" truecount="2" falsecount="0"/>
      <line num="112" count="1" type="stmt"/>
      <line num="113" count="1" type="stmt"/>
      <line num="116" count="7" type="stmt"/>
      <line num="117" count="7" type="cond" truecount="2" falsecount="0"/>
      <line num="119" count="2" type="stmt"/>
      <line num="120" count="2" type="stmt"/>
      <line num="126" count="73" type="stmt"/>
      <line num="127" count="73" type="stmt"/>
      <line num="131" count="1" type="stmt"/>
      <line num="132" count="21" type="stmt"/>
      <line num="135" count="21" type="stmt"/>
      <line num="136" count="65" type="stmt"/>
      <line num="138" count="21" type="stmt"/>
    </file>
  </project>
</coverage>
