{"/Users/luiswoo/Desktop/odin_project/repos/Linked-List/linkedList.js": {"path":"/Users/luiswoo/Desktop/odin_project/repos/Linked-List/linkedList.js","statementMap":{"0":{"start":{"line":3,"column":8},"end":{"line":3,"column":25}},"1":{"start":{"line":4,"column":8},"end":{"line":4,"column":24}},"2":{"start":{"line":8,"column":21},"end":{"line":8,"column":47}},"3":{"start":{"line":9,"column":8},"end":{"line":9,"column":25}},"4":{"start":{"line":10,"column":8},"end":{"line":10,"column":22}},"5":{"start":{"line":14,"column":8},"end":{"line":14,"column":58}},"6":{"start":{"line":14,"column":46},"end":{"line":14,"column":58}},"7":{"start":{"line":16,"column":22},"end":{"line":16,"column":31}},"8":{"start":{"line":17,"column":8},"end":{"line":19,"column":9}},"9":{"start":{"line":17,"column":21},"end":{"line":17,"column":22}},"10":{"start":{"line":18,"column":12},"end":{"line":18,"column":35}},"11":{"start":{"line":20,"column":8},"end":{"line":20,"column":23}},"12":{"start":{"line":24,"column":21},"end":{"line":24,"column":23}},"13":{"start":{"line":25,"column":22},"end":{"line":25,"column":31}},"14":{"start":{"line":26,"column":8},"end":{"line":29,"column":9}},"15":{"start":{"line":27,"column":12},"end":{"line":27,"column":55}},"16":{"start":{"line":28,"column":12},"end":{"line":28,"column":35}},"17":{"start":{"line":30,"column":8},"end":{"line":30,"column":37}},"18":{"start":{"line":34,"column":8},"end":{"line":34,"column":53}},"19":{"start":{"line":34,"column":26},"end":{"line":34,"column":53}},"20":{"start":{"line":36,"column":21},"end":{"line":36,"column":39}},"21":{"start":{"line":37,"column":8},"end":{"line":37,"column":38}},"22":{"start":{"line":37,"column":26},"end":{"line":37,"column":38}},"23":{"start":{"line":39,"column":8},"end":{"line":39,"column":47}},"24":{"start":{"line":40,"column":8},"end":{"line":40,"column":22}},"25":{"start":{"line":44,"column":8},"end":{"line":47,"column":9}},"26":{"start":{"line":45,"column":12},"end":{"line":45,"column":39}},"27":{"start":{"line":46,"column":12},"end":{"line":46,"column":26}},"28":{"start":{"line":49,"column":21},"end":{"line":49,"column":39}},"29":{"start":{"line":50,"column":8},"end":{"line":50,"column":38}},"30":{"start":{"line":50,"column":26},"end":{"line":50,"column":38}},"31":{"start":{"line":52,"column":8},"end":{"line":52,"column":35}},"32":{"start":{"line":53,"column":8},"end":{"line":53,"column":22}},"33":{"start":{"line":59,"column":8},"end":{"line":59,"column":23}},"34":{"start":{"line":60,"column":8},"end":{"line":60,"column":25}},"35":{"start":{"line":64,"column":0},"end":{"line":72,"column":1}},"36":{"start":{"line":65,"column":15},"end":{"line":65,"column":31}},"37":{"start":{"line":68,"column":4},"end":{"line":70,"column":5}},"38":{"start":{"line":68,"column":17},"end":{"line":68,"column":34}},"39":{"start":{"line":69,"column":8},"end":{"line":69,"column":30}},"40":{"start":{"line":71,"column":4},"end":{"line":71,"column":14}}},"fnMap":{"0":{"name":"(anonymous_0)","decl":{"start":{"line":2,"column":4},"end":{"line":2,"column":5}},"loc":{"start":{"line":2,"column":17},"end":{"line":5,"column":5}},"line":2},"1":{"name":"(anonymous_1)","decl":{"start":{"line":7,"column":4},"end":{"line":7,"column":5}},"loc":{"start":{"line":7,"column":19},"end":{"line":11,"column":5}},"line":7},"2":{"name":"(anonymous_2)","decl":{"start":{"line":13,"column":4},"end":{"line":13,"column":5}},"loc":{"start":{"line":13,"column":13},"end":{"line":21,"column":5}},"line":13},"3":{"name":"(anonymous_3)","decl":{"start":{"line":23,"column":4},"end":{"line":23,"column":5}},"loc":{"start":{"line":23,"column":14},"end":{"line":31,"column":5}},"line":23},"4":{"name":"(anonymous_4)","decl":{"start":{"line":33,"column":4},"end":{"line":33,"column":5}},"loc":{"start":{"line":33,"column":26},"end":{"line":41,"column":5}},"line":33},"5":{"name":"(anonymous_5)","decl":{"start":{"line":43,"column":4},"end":{"line":43,"column":5}},"loc":{"start":{"line":43,"column":19},"end":{"line":54,"column":5}},"line":43},"6":{"name":"(anonymous_6)","decl":{"start":{"line":58,"column":4},"end":{"line":58,"column":5}},"loc":{"start":{"line":58,"column":26},"end":{"line":61,"column":5}},"line":58},"7":{"name":"(anonymous_7)","decl":{"start":{"line":64,"column":24},"end":{"line":64,"column":25}},"loc":{"start":{"line":64,"column":39},"end":{"line":72,"column":1}},"line":64}},"branchMap":{"0":{"loc":{"start":{"line":14,"column":8},"end":{"line":14,"column":58}},"type":"if","locations":[{"start":{"line":14,"column":8},"end":{"line":14,"column":58}},{"start":{},"end":{}}],"line":14},"1":{"loc":{"start":{"line":14,"column":11},"end":{"line":14,"column":44}},"type":"binary-expr","locations":[{"start":{"line":14,"column":11},"end":{"line":14,"column":20}},{"start":{"line":14,"column":24},"end":{"line":14,"column":44}}],"line":14},"2":{"loc":{"start":{"line":34,"column":8},"end":{"line":34,"column":53}},"type":"if","locations":[{"start":{"line":34,"column":8},"end":{"line":34,"column":53}},{"start":{},"end":{}}],"line":34},"3":{"loc":{"start":{"line":37,"column":8},"end":{"line":37,"column":38}},"type":"if","locations":[{"start":{"line":37,"column":8},"end":{"line":37,"column":38}},{"start":{},"end":{}}],"line":37},"4":{"loc":{"start":{"line":44,"column":8},"end":{"line":47,"column":9}},"type":"if","locations":[{"start":{"line":44,"column":8},"end":{"line":47,"column":9}},{"start":{},"end":{}}],"line":44},"5":{"loc":{"start":{"line":50,"column":8},"end":{"line":50,"column":38}},"type":"if","locations":[{"start":{"line":50,"column":8},"end":{"line":50,"column":38}},{"start":{},"end":{}}],"line":50}},"s":{"0":14,"1":14,"2":35,"3":35,"4":35,"5":14,"6":8,"7":6,"8":6,"9":6,"10":7,"11":6,"12":0,"13":0,"14":0,"15":0,"16":0,"17":0,"18":4,"19":1,"20":3,"21":3,"22":2,"23":1,"24":1,"25":5,"26":1,"27":1,"28":5,"29":5,"30":4,"31":1,"32":1,"33":36,"34":36,"35":1,"36":12,"37":12,"38":12,"39":32,"40":12},"f":{"0":14,"1":35,"2":14,"3":0,"4":4,"5":5,"6":36,"7":12},"b":{"0":[8,6],"1":[14,10],"2":[1,3],"3":[2,1],"4":[1,4],"5":[4,1]},"_coverageSchema":"1a1c01bbd47fc00a2c39e90264f33305004495a9","hash":"591911f084da7fc3b81131727826f88fb245ce86"}
}
