{"/Users/luiswoo/Desktop/odin_project/repos/Linked-List/linkedList.js": {"path":"/Users/luiswoo/Desktop/odin_project/repos/Linked-List/linkedList.js","statementMap":{"0":{"start":{"line":3,"column":8},"end":{"line":3,"column":25}},"1":{"start":{"line":4,"column":8},"end":{"line":4,"column":24}},"2":{"start":{"line":8,"column":21},"end":{"line":8,"column":42}},"3":{"start":{"line":9,"column":8},"end":{"line":13,"column":9}},"4":{"start":{"line":10,"column":12},"end":{"line":10,"column":29}},"5":{"start":{"line":11,"column":12},"end":{"line":11,"column":26}},"6":{"start":{"line":12,"column":12},"end":{"line":12,"column":29}},"7":{"start":{"line":14,"column":22},"end":{"line":14,"column":31}},"8":{"start":{"line":15,"column":8},"end":{"line":17,"column":9}},"9":{"start":{"line":16,"column":12},"end":{"line":16,"column":35}},"10":{"start":{"line":18,"column":8},"end":{"line":18,"column":28}},"11":{"start":{"line":19,"column":8},"end":{"line":19,"column":22}},"12":{"start":{"line":23,"column":21},"end":{"line":23,"column":47}},"13":{"start":{"line":24,"column":8},"end":{"line":24,"column":25}},"14":{"start":{"line":25,"column":8},"end":{"line":25,"column":22}},"15":{"start":{"line":29,"column":8},"end":{"line":29,"column":27}},"16":{"start":{"line":33,"column":8},"end":{"line":33,"column":42}},"17":{"start":{"line":33,"column":30},"end":{"line":33,"column":42}},"18":{"start":{"line":34,"column":8},"end":{"line":34,"column":25}},"19":{"start":{"line":38,"column":8},"end":{"line":38,"column":42}},"20":{"start":{"line":38,"column":30},"end":{"line":38,"column":42}},"21":{"start":{"line":39,"column":8},"end":{"line":39,"column":52}},"22":{"start":{"line":39,"column":30},"end":{"line":39,"column":52}},"23":{"start":{"line":41,"column":22},"end":{"line":41,"column":31}},"24":{"start":{"line":42,"column":8},"end":{"line":44,"column":9}},"25":{"start":{"line":42,"column":21},"end":{"line":42,"column":22}},"26":{"start":{"line":43,"column":12},"end":{"line":43,"column":35}},"27":{"start":{"line":45,"column":8},"end":{"line":45,"column":23}},"28":{"start":{"line":49,"column":8},"end":{"line":49,"column":42}},"29":{"start":{"line":49,"column":30},"end":{"line":49,"column":42}},"30":{"start":{"line":50,"column":8},"end":{"line":53,"column":9}},"31":{"start":{"line":51,"column":12},"end":{"line":51,"column":39}},"32":{"start":{"line":52,"column":12},"end":{"line":52,"column":26}},"33":{"start":{"line":54,"column":8},"end":{"line":54,"column":46}},"34":{"start":{"line":59,"column":8},"end":{"line":59,"column":44}},"35":{"start":{"line":59,"column":31},"end":{"line":59,"column":44}},"36":{"start":{"line":60,"column":22},"end":{"line":60,"column":31}},"37":{"start":{"line":61,"column":8},"end":{"line":64,"column":9}},"38":{"start":{"line":62,"column":12},"end":{"line":62,"column":50}},"39":{"start":{"line":62,"column":38},"end":{"line":62,"column":50}},"40":{"start":{"line":63,"column":12},"end":{"line":63,"column":35}},"41":{"start":{"line":65,"column":8},"end":{"line":65,"column":21}},"42":{"start":{"line":69,"column":8},"end":{"line":69,"column":43}},"43":{"start":{"line":69,"column":31},"end":{"line":69,"column":43}},"44":{"start":{"line":70,"column":20},"end":{"line":70,"column":21}},"45":{"start":{"line":71,"column":22},"end":{"line":71,"column":31}},"46":{"start":{"line":72,"column":8},"end":{"line":76,"column":9}},"47":{"start":{"line":73,"column":12},"end":{"line":73,"column":52}},"48":{"start":{"line":73,"column":39},"end":{"line":73,"column":52}},"49":{"start":{"line":74,"column":12},"end":{"line":74,"column":35}},"50":{"start":{"line":75,"column":12},"end":{"line":75,"column":20}},"51":{"start":{"line":77,"column":8},"end":{"line":77,"column":20}},"52":{"start":{"line":81,"column":8},"end":{"line":81,"column":58}},"53":{"start":{"line":81,"column":46},"end":{"line":81,"column":58}},"54":{"start":{"line":83,"column":22},"end":{"line":83,"column":31}},"55":{"start":{"line":84,"column":8},"end":{"line":86,"column":9}},"56":{"start":{"line":84,"column":21},"end":{"line":84,"column":22}},"57":{"start":{"line":85,"column":12},"end":{"line":85,"column":35}},"58":{"start":{"line":87,"column":8},"end":{"line":87,"column":23}},"59":{"start":{"line":91,"column":21},"end":{"line":91,"column":23}},"60":{"start":{"line":92,"column":22},"end":{"line":92,"column":31}},"61":{"start":{"line":93,"column":8},"end":{"line":96,"column":9}},"62":{"start":{"line":94,"column":12},"end":{"line":94,"column":55}},"63":{"start":{"line":95,"column":12},"end":{"line":95,"column":35}},"64":{"start":{"line":97,"column":8},"end":{"line":97,"column":37}},"65":{"start":{"line":101,"column":8},"end":{"line":101,"column":53}},"66":{"start":{"line":101,"column":26},"end":{"line":101,"column":53}},"67":{"start":{"line":103,"column":21},"end":{"line":103,"column":39}},"68":{"start":{"line":104,"column":8},"end":{"line":104,"column":38}},"69":{"start":{"line":104,"column":26},"end":{"line":104,"column":38}},"70":{"start":{"line":106,"column":8},"end":{"line":106,"column":47}},"71":{"start":{"line":107,"column":8},"end":{"line":107,"column":22}},"72":{"start":{"line":111,"column":8},"end":{"line":114,"column":9}},"73":{"start":{"line":112,"column":12},"end":{"line":112,"column":39}},"74":{"start":{"line":113,"column":12},"end":{"line":113,"column":26}},"75":{"start":{"line":116,"column":21},"end":{"line":116,"column":39}},"76":{"start":{"line":117,"column":8},"end":{"line":117,"column":38}},"77":{"start":{"line":117,"column":26},"end":{"line":117,"column":38}},"78":{"start":{"line":119,"column":8},"end":{"line":119,"column":35}},"79":{"start":{"line":120,"column":8},"end":{"line":120,"column":22}},"80":{"start":{"line":126,"column":8},"end":{"line":126,"column":23}},"81":{"start":{"line":127,"column":8},"end":{"line":127,"column":25}},"82":{"start":{"line":131,"column":0},"end":{"line":139,"column":1}},"83":{"start":{"line":132,"column":15},"end":{"line":132,"column":31}},"84":{"start":{"line":135,"column":4},"end":{"line":137,"column":5}},"85":{"start":{"line":135,"column":17},"end":{"line":135,"column":34}},"86":{"start":{"line":136,"column":8},"end":{"line":136,"column":30}},"87":{"start":{"line":138,"column":4},"end":{"line":138,"column":14}}},"fnMap":{"0":{"name":"(anonymous_0)","decl":{"start":{"line":2,"column":4},"end":{"line":2,"column":5}},"loc":{"start":{"line":2,"column":17},"end":{"line":5,"column":5}},"line":2},"1":{"name":"(anonymous_1)","decl":{"start":{"line":7,"column":4},"end":{"line":7,"column":5}},"loc":{"start":{"line":7,"column":18},"end":{"line":20,"column":5}},"line":7},"2":{"name":"(anonymous_2)","decl":{"start":{"line":22,"column":4},"end":{"line":22,"column":5}},"loc":{"start":{"line":22,"column":19},"end":{"line":26,"column":5}},"line":22},"3":{"name":"(anonymous_3)","decl":{"start":{"line":28,"column":4},"end":{"line":28,"column":5}},"loc":{"start":{"line":28,"column":11},"end":{"line":30,"column":5}},"line":28},"4":{"name":"(anonymous_4)","decl":{"start":{"line":32,"column":4},"end":{"line":32,"column":5}},"loc":{"start":{"line":32,"column":14},"end":{"line":35,"column":5}},"line":32},"5":{"name":"(anonymous_5)","decl":{"start":{"line":37,"column":4},"end":{"line":37,"column":5}},"loc":{"start":{"line":37,"column":14},"end":{"line":46,"column":5}},"line":37},"6":{"name":"(anonymous_6)","decl":{"start":{"line":48,"column":4},"end":{"line":48,"column":5}},"loc":{"start":{"line":48,"column":10},"end":{"line":56,"column":5}},"line":48},"7":{"name":"(anonymous_7)","decl":{"start":{"line":58,"column":4},"end":{"line":58,"column":5}},"loc":{"start":{"line":58,"column":19},"end":{"line":66,"column":5}},"line":58},"8":{"name":"(anonymous_8)","decl":{"start":{"line":68,"column":4},"end":{"line":68,"column":5}},"loc":{"start":{"line":68,"column":15},"end":{"line":78,"column":5}},"line":68},"9":{"name":"(anonymous_9)","decl":{"start":{"line":80,"column":4},"end":{"line":80,"column":5}},"loc":{"start":{"line":80,"column":13},"end":{"line":88,"column":5}},"line":80},"10":{"name":"(anonymous_10)","decl":{"start":{"line":90,"column":4},"end":{"line":90,"column":5}},"loc":{"start":{"line":90,"column":14},"end":{"line":98,"column":5}},"line":90},"11":{"name":"(anonymous_11)","decl":{"start":{"line":100,"column":4},"end":{"line":100,"column":5}},"loc":{"start":{"line":100,"column":26},"end":{"line":108,"column":5}},"line":100},"12":{"name":"(anonymous_12)","decl":{"start":{"line":110,"column":4},"end":{"line":110,"column":5}},"loc":{"start":{"line":110,"column":19},"end":{"line":121,"column":5}},"line":110},"13":{"name":"(anonymous_13)","decl":{"start":{"line":125,"column":4},"end":{"line":125,"column":5}},"loc":{"start":{"line":125,"column":26},"end":{"line":128,"column":5}},"line":125},"14":{"name":"(anonymous_14)","decl":{"start":{"line":131,"column":24},"end":{"line":131,"column":25}},"loc":{"start":{"line":131,"column":39},"end":{"line":139,"column":1}},"line":131}},"branchMap":{"0":{"loc":{"start":{"line":9,"column":8},"end":{"line":13,"column":9}},"type":"if","locations":[{"start":{"line":9,"column":8},"end":{"line":13,"column":9}},{"start":{},"end":{}}],"line":9},"1":{"loc":{"start":{"line":33,"column":8},"end":{"line":33,"column":42}},"type":"if","locations":[{"start":{"line":33,"column":8},"end":{"line":33,"column":42}},{"start":{},"end":{}}],"line":33},"2":{"loc":{"start":{"line":38,"column":8},"end":{"line":38,"column":42}},"type":"if","locations":[{"start":{"line":38,"column":8},"end":{"line":38,"column":42}},{"start":{},"end":{}}],"line":38},"3":{"loc":{"start":{"line":39,"column":8},"end":{"line":39,"column":52}},"type":"if","locations":[{"start":{"line":39,"column":8},"end":{"line":39,"column":52}},{"start":{},"end":{}}],"line":39},"4":{"loc":{"start":{"line":49,"column":8},"end":{"line":49,"column":42}},"type":"if","locations":[{"start":{"line":49,"column":8},"end":{"line":49,"column":42}},{"start":{},"end":{}}],"line":49},"5":{"loc":{"start":{"line":50,"column":8},"end":{"line":53,"column":9}},"type":"if","locations":[{"start":{"line":50,"column":8},"end":{"line":53,"column":9}},{"start":{},"end":{}}],"line":50},"6":{"loc":{"start":{"line":59,"column":8},"end":{"line":59,"column":44}},"type":"if","locations":[{"start":{"line":59,"column":8},"end":{"line":59,"column":44}},{"start":{},"end":{}}],"line":59},"7":{"loc":{"start":{"line":62,"column":12},"end":{"line":62,"column":50}},"type":"if","locations":[{"start":{"line":62,"column":12},"end":{"line":62,"column":50}},{"start":{},"end":{}}],"line":62},"8":{"loc":{"start":{"line":69,"column":8},"end":{"line":69,"column":43}},"type":"if","locations":[{"start":{"line":69,"column":8},"end":{"line":69,"column":43}},{"start":{},"end":{}}],"line":69},"9":{"loc":{"start":{"line":73,"column":12},"end":{"line":73,"column":52}},"type":"if","locations":[{"start":{"line":73,"column":12},"end":{"line":73,"column":52}},{"start":{},"end":{}}],"line":73},"10":{"loc":{"start":{"line":81,"column":8},"end":{"line":81,"column":58}},"type":"if","locations":[{"start":{"line":81,"column":8},"end":{"line":81,"column":58}},{"start":{},"end":{}}],"line":81},"11":{"loc":{"start":{"line":81,"column":11},"end":{"line":81,"column":44}},"type":"binary-expr","locations":[{"start":{"line":81,"column":11},"end":{"line":81,"column":20}},{"start":{"line":81,"column":24},"end":{"line":81,"column":44}}],"line":81},"12":{"loc":{"start":{"line":101,"column":8},"end":{"line":101,"column":53}},"type":"if","locations":[{"start":{"line":101,"column":8},"end":{"line":101,"column":53}},{"start":{},"end":{}}],"line":101},"13":{"loc":{"start":{"line":104,"column":8},"end":{"line":104,"column":38}},"type":"if","locations":[{"start":{"line":104,"column":8},"end":{"line":104,"column":38}},{"start":{},"end":{}}],"line":104},"14":{"loc":{"start":{"line":111,"column":8},"end":{"line":114,"column":9}},"type":"if","locations":[{"start":{"line":111,"column":8},"end":{"line":114,"column":9}},{"start":{},"end":{}}],"line":111},"15":{"loc":{"start":{"line":117,"column":8},"end":{"line":117,"column":38}},"type":"if","locations":[{"start":{"line":117,"column":8},"end":{"line":117,"column":38}},{"start":{},"end":{}}],"line":117}},"s":{"0":30,"1":30,"2":3,"3":3,"4":1,"5":1,"6":1,"7":2,"8":2,"9":3,"10":2,"11":2,"12":69,"13":69,"14":69,"15":14,"16":3,"17":1,"18":2,"19":4,"20":1,"21":3,"22":0,"23":3,"24":3,"25":3,"26":9,"27":3,"28":3,"29":1,"30":2,"31":1,"32":1,"33":2,"34":3,"35":1,"36":2,"37":2,"38":7,"39":1,"40":6,"41":1,"42":3,"43":1,"44":2,"45":2,"46":2,"47":6,"48":1,"49":5,"50":5,"51":1,"52":16,"53":9,"54":7,"55":7,"56":7,"57":9,"58":7,"59":0,"60":0,"61":0,"62":0,"63":0,"64":0,"65":4,"66":1,"67":3,"68":3,"69":2,"70":1,"71":1,"72":7,"73":1,"74":1,"75":7,"76":7,"77":5,"78":2,"79":2,"80":73,"81":73,"82":1,"83":21,"84":21,"85":21,"86":65,"87":21},"f":{"0":30,"1":3,"2":69,"3":14,"4":3,"5":4,"6":3,"7":3,"8":3,"9":16,"10":0,"11":4,"12":7,"13":73,"14":21},"b":{"0":[1,2],"1":[1,2],"2":[1,3],"3":[0,3],"4":[1,2],"5":[1,1],"6":[1,2],"7":[1,6],"8":[1,2],"9":[1,5],"10":[9,7],"11":[16,11],"12":[1,3],"13":[2,1],"14":[1,6],"15":[5,2]},"_coverageSchema":"1a1c01bbd47fc00a2c39e90264f33305004495a9","hash":"2f7ae18baf8257ebc71709cf6854d2d80c65656d"}
}
