TN:
SF:linkedList.js
FN:2,(anonymous_0)
FN:7,(anonymous_1)
FN:13,(anonymous_2)
FN:23,(anonymous_3)
FN:33,(anonymous_4)
FN:43,(anonymous_5)
FN:58,(anonymous_6)
FN:64,(anonymous_7)
FNF:8
FNH:7
FNDA:14,(anonymous_0)
FNDA:35,(anonymous_1)
FNDA:14,(anonymous_2)
FNDA:0,(anonymous_3)
FNDA:4,(anonymous_4)
FNDA:5,(anonymous_5)
FNDA:36,(anonymous_6)
FNDA:12,(anonymous_7)
DA:3,14
DA:4,14
DA:8,35
DA:9,35
DA:10,35
DA:14,14
DA:16,6
DA:17,6
DA:18,7
DA:20,6
DA:24,0
DA:25,0
DA:26,0
DA:27,0
DA:28,0
DA:30,0
DA:34,4
DA:36,3
DA:37,3
DA:39,1
DA:40,1
DA:44,5
DA:45,1
DA:46,1
DA:49,5
DA:50,5
DA:52,1
DA:53,1
DA:59,36
DA:60,36
DA:64,1
DA:65,12
DA:68,12
DA:69,32
DA:71,12
LF:35
LH:29
BRDA:14,0,0,8
BRDA:14,0,1,6
BRDA:14,1,0,14
BRDA:14,1,1,10
BRDA:34,2,0,1
BRDA:34,2,1,3
BRDA:37,3,0,2
BRDA:37,3,1,1
BRDA:44,4,0,1
BRDA:44,4,1,4
BRDA:50,5,0,4
BRDA:50,5,1,1
BRF:12
BRH:12
end_of_record
