TN:
SF:linkedList.js
FN:2,(anonymous_0)
FN:7,(anonymous_1)
FN:22,(anonymous_2)
FN:28,(anonymous_3)
FN:32,(anonymous_4)
FN:37,(anonymous_5)
FN:48,(anonymous_6)
FN:58,(anonymous_7)
FN:68,(anonymous_8)
FN:80,(anonymous_9)
FN:90,(anonymous_10)
FN:100,(anonymous_11)
FN:110,(anonymous_12)
FN:125,(anonymous_13)
FN:131,(anonymous_14)
FNF:15
FNH:14
FNDA:30,(anonymous_0)
FNDA:3,(anonymous_1)
FNDA:69,(anonymous_2)
FNDA:14,(anonymous_3)
FNDA:3,(anonymous_4)
FNDA:4,(anonymous_5)
FNDA:3,(anonymous_6)
FNDA:3,(anonymous_7)
FNDA:3,(anonymous_8)
FNDA:16,(anonymous_9)
FNDA:0,(anonymous_10)
FNDA:4,(anonymous_11)
FNDA:7,(anonymous_12)
FNDA:73,(anonymous_13)
FNDA:21,(anonymous_14)
DA:3,30
DA:4,30
DA:8,3
DA:9,3
DA:10,1
DA:11,1
DA:12,1
DA:14,2
DA:15,2
DA:16,3
DA:18,2
DA:19,2
DA:23,69
DA:24,69
DA:25,69
DA:29,14
DA:33,3
DA:34,2
DA:38,4
DA:39,3
DA:41,3
DA:42,3
DA:43,9
DA:45,3
DA:49,3
DA:50,2
DA:51,1
DA:52,1
DA:54,2
DA:59,3
DA:60,2
DA:61,2
DA:62,7
DA:63,6
DA:65,1
DA:69,3
DA:70,2
DA:71,2
DA:72,2
DA:73,6
DA:74,5
DA:75,5
DA:77,1
DA:81,16
DA:83,7
DA:84,7
DA:85,9
DA:87,7
DA:91,0
DA:92,0
DA:93,0
DA:94,0
DA:95,0
DA:97,0
DA:101,4
DA:103,3
DA:104,3
DA:106,1
DA:107,1
DA:111,7
DA:112,1
DA:113,1
DA:116,7
DA:117,7
DA:119,2
DA:120,2
DA:126,73
DA:127,73
DA:131,1
DA:132,21
DA:135,21
DA:136,65
DA:138,21
LF:73
LH:67
BRDA:9,0,0,1
BRDA:9,0,1,2
BRDA:33,1,0,1
BRDA:33,1,1,2
BRDA:38,2,0,1
BRDA:38,2,1,3
BRDA:39,3,0,0
BRDA:39,3,1,3
BRDA:49,4,0,1
BRDA:49,4,1,2
BRDA:50,5,0,1
BRDA:50,5,1,1
BRDA:59,6,0,1
BRDA:59,6,1,2
BRDA:62,7,0,1
BRDA:62,7,1,6
BRDA:69,8,0,1
BRDA:69,8,1,2
BRDA:73,9,0,1
BRDA:73,9,1,5
BRDA:81,10,0,9
BRDA:81,10,1,7
BRDA:81,11,0,16
BRDA:81,11,1,11
BRDA:101,12,0,1
BRDA:101,12,1,3
BRDA:104,13,0,2
BRDA:104,13,1,1
BRDA:111,14,0,1
BRDA:111,14,1,6
BRDA:117,15,0,5
BRDA:117,15,1,2
BRF:32
BRH:31
end_of_record
